!      ---- Modo de Desenho da Barra ---
BU
!      ---- Tamanho da Fonte das Legendas ---
F 1
!      ---- Cores (Fundo - Identificador - Numero - Valor - Grid - Fluxo Ativo - Fluxo Reativo)---
RF 255 255 255
RI 128 0 128
RN 128 0 128
RV 0 0 255
RG 0 0 0
RA 0 0 255
RR 255 0 0
!      ---- Grupos Base de Tensão ----
!Ten  lar  R   G   B ID
G 13.8 1 0 255 64  0
G 230 1 255 0 0  1
!    ---- Componentes ----
!Numero Tipo Rot Hac Px Py Cor sl SubTp ch1 ch2 ch3 ch4 Descrip
C 28  1 257 0 -173.661 -59.0196  1  0 -  1  0  0  0 -28
C 29  1 257 0 -29.094 -59.1179  2  0 -  3  0  0  0 -28
C 31  1 257 0 128.505 -59.2075  2  0 -  5  0  0  0 -28
C 33  1 257 0 280.825 -58.9439  2  0 -  7  0  0  0 -28
C 34  1 257 0 116.215 40.0996  2  0 -  9  0  0  0 -28
C 35  1 257 0 -28.9821 126.057  2  0 -  8  0  0  0 -28
C 36  1 257 0 116.234 126.099  2  0 -  6  0  0  0 -28
C 37  1 257 0 280.837 126.416  2  0 -  4  0  0  0 -28
C 38  1 257 0 425.986 125.975  1  0 -  2  0  0  0 -28
C 41  9 3 0 -110.662 -42.5502  0  0 -  1  1  3  0 0
C 51  9 1 0 359.995 142.109  0  0 -  1  2  4  0 0
!      ---- Linhas ----
!Numero Tipo hac sl De Para ch1 nsg segmentos
L68 14 0 0  31  33  1  1 34 
L93 14 0 0  29  31  1  1 36 
L94 14 0 0  36  37  1  1 37 
L96 14 0 0  36  35  1  1 38 
L117 14 0 0  29  35  1  1 39 
L138 14 0 0  33  34  1  1 40 
L143 14 0 0  35  34  1  1 44 
L145 14 0 0  37  33  1  1 46 
!     ---- Ligacoes ----
!Numero Flags cor Inic Coni Fin Conf Linhas nqb quebras
U26 0  1  41   1  28   2  -1   0 
U27 0  2  41   2  29   2  -1   0 
U28 0  1  51   1  38   2  -1   0 
U29 0  2  51   2  37   2  -1   0 
U34 0  2  31   2  33   2  68   0 
U36 0  2  29   2  31   2  93   0 
U37 0  2  36   2  37   2  94   0 
U38 0  2  36   2  35   2  96   0 
U39 0  2  29   2  35   1 117   0 
U40 0  2  33   2  34   2 138   0 
U44 0  2  35   2  34   2 143   0 
U46 0  2  37   3  33   2 145   0 
!    ---- Posição de Legenda de Componentes ----
!NumCompo Label Rot Px Py
!     ---- Posição de Legenda de Ligacoes ----
!Lado NumLig Label Px Py
YF  29  1    -0.73    -6.77
YI  39  1   -19.65   -57.82
YI  39  2   -31.08    15.53
YF  39  1    30.57   -11.68
YF  39  2    48.67    51.33
YI  46  1   -41.96   -11.70
YI  46  2   -44.03    10.89
