!      ---- Modo de Desenho da Barra ---
BU
!      ---- Tamanho da Fonte das Legendas ---
F 1
!      ---- Cores (Fundo - Identificador - Numero - Valor - Grid - Fluxo Ativo - Fluxo Reativo)---
RF 255 255 255
RI 128 0 128
RN 128 0 128
RV 0 0 255
RG 0 0 0
RA 0 0 255
RR 255 0 0
!      ---- Grupos Base de Tensão ----
!Ten  lar  R   G   B ID
G 13.8 1 0 0 0  0
G 230 1 0 128 0  1
G 0 1 0 0 0  2
!    ---- Componentes ----
!Numero Tipo Rot Hac Px Py Cor sl SubTp ch1 ch2 ch3 ch4 Descrip
C275  1 257 0   -240   -368  1  0 -  1  0  0  0 0
C276  1 769 0    -64   -368  2  0 -  3  0  0  0 0
C278  1 513 0     64   -368  2  0 -  5  0  0  0 0
C279  1 769 0    208   -368  2  0 -  7  0  0  0 0
C280  1 513 0     64   -208  2  0 -  9  0  0  0 0
C281  1 769 0    -96    -80  2  0 -  8  0  0  0 0
C282  1 513 0     64    -32  2  0 -  6  0  0  0 0
C283  1 769 0    240    -80  2  0 -  4  0  0  0 0
C284  1 257 0    416     16  1  0 -  2  0  0  0 0
C289  9 3 0   -144   -352  0  0 -  1  1  3  0 87
C295  9 1 0    336     32  0  0 -  1  2  4  0 87
C300  4 1 0   -320   -352  1  0 -  1  1  0  0 87
C302  4 3 0    496     32  1  0 -  1  2  0  0 87
C317  5 3 0    304   -304  2  0 -  1  7  0  0 87
C318  5 3 0    128   -320  2  0 -  1  5  0  0 87
C321  5 1 0   -192    -16  2  0 -  1  8  0  0 87
C322  5 3 0    128    -16  2  0 -  1  6  0  0 87
C325  5 3 0    112   -176  2  0 -  1  9  0  0 87
C388  4 3 0 271.176 -336.293  2  0 -  1  7  0  0 87
!      ---- Linhas ----
!Numero Tipo hac sl De Para ch1 nsg segmentos
L304 14 0 0 276 278  1  1 97 
L305 14 0 0 278 279  1  1 98 
L307 14 0 0 276 281  1  1 100 
L308 14 0 0 281 280  1  1 101 
L309 14 0 0 279 280  1  1 102 
L313 14 0 0 283 279  1  1 105 
L314 14 0 0 283 282  1  1 106 
L316 14 0 0 282 281  1  1 107 
!     ---- Ligacoes ----
!Numero Flags cor Inic Coni Fin Conf Linhas nqb quebras
U86 0  1 289   1 275   2  -1   0 
U87 0  2 289   2 276   2  -1   0 
U90 0  1 295   1 284   2  -1   0 
U91 0  2 295   2 283   8  -1   0 
U95 0  1 275   2 300   1  -1   0 
U96 0  1 284   2 302   1  -1   0 
U97 0  2 276   2 278   2 304   0 
U98 0  2 278   2 279   2 305   0 
U100 0  2 276   8 281   3 307   2     -16   -256    -16    -48
U101 0  2 281   6 280   5 308   2       0      0      0   -144
U102 0  2 279   5 280   5 309   2     144   -304    144   -144
U105 0  2 283   3 279   8 313   2     176    -48    176   -256
U106 0  2 283   7 282   4 314   0 
U107 0  2 282   5 281   8 316   0 
U108 0  2 279   5 317   1  -1   0 
U109 0  2 278   4 318   1  -1   0 
U110 0  2 281   5 321   1  -1   0 
U111 0  2 282   2 322   1  -1   0 
U112 0  2 280   3 325   1  -1   0 
U148 0  2 388   1 279   3  -1   0 
!    ---- Posição de Legenda de Componentes ----
!NumCompo Label Rot Px Py
X 275  0  1     6.37   -12.03
X 275  2  1   -19.51    17.18
X 276  2  1   -17.81    18.86
X 279  2  1   -13.50    17.99
X 281  2  1   -17.76    17.51
X 282  2  1   -24.96    19.24
X 283  2  1   -26.96    18.37
X 318  1  3   -16.14    -1.71
X 322  1  3    -8.00    -3.00
!     ---- Posição de Legenda de Ligacoes ----
!Lado NumLig Label Px Py
